d:\vs 2022\data structures and algorithms\unit 4\project 4\project 4\x64\debug\vc143.pdb
d:\vs 2022\data structures and algorithms\unit 4\project 4\project 4\x64\debug\vc143.idb
d:\vs 2022\data structures and algorithms\unit 4\project 4\project 4\x64\debug\main.obj
d:\vs 2022\data structures and algorithms\unit 4\project 4\project 4\x64\debug\infixnotationcalculator.obj
d:\vs 2022\data structures and algorithms\unit 4\project 4\project 4\x64\debug\rpncalculator.obj
d:\vs 2022\data structures and algorithms\unit 4\csalazarproject4\project 4\project 4\x64\debug\vc143.pdb
d:\vs 2022\data structures and algorithms\unit 4\csalazarproject4\project 4\project 4\x64\debug\vc143.idb
d:\vs 2022\data structures and algorithms\unit 4\csalazarproject4\project 4\project 4\x64\debug\main.obj
d:\vs 2022\data structures and algorithms\unit 4\csalazarproject4\project 4\project 4\x64\debug\rpncalculator.obj
d:\vs 2022\data structures and algorithms\unit 4\csalazarproject4\project 4\project 4\x64\debug\infixnotationcalculator.obj
d:\vs 2022\data structures and algorithms\unit 4\project 4\x64\debug\project 4.exe
d:\vs 2022\data structures and algorithms\unit 4\project 4\project 4\x64\debug\project 4.ilk
d:\vs 2022\data structures and algorithms\unit 4\project 4\x64\debug\project 4.pdb
d:\vs 2022\data structures and algorithms\unit 4\csalazarproject4\project 4\x64\debug\project 4.exe
d:\vs 2022\data structures and algorithms\unit 4\csalazarproject4\project 4\project 4\x64\debug\project 4.ilk
d:\vs 2022\data structures and algorithms\unit 4\csalazarproject4\project 4\x64\debug\project 4.pdb
d:\vs 2022\data structures and algorithms\unit 4\csalazarproject4\project 4\project 4\x64\debug\rpncalculator.obj.enc
d:\vs 2022\data structures and algorithms\unit 4\csalazarproject4\project 4\project 4\x64\debug\project 4.tlog\cl.command.1.tlog
d:\vs 2022\data structures and algorithms\unit 4\csalazarproject4\project 4\project 4\x64\debug\project 4.tlog\cl.read.1.tlog
d:\vs 2022\data structures and algorithms\unit 4\csalazarproject4\project 4\project 4\x64\debug\project 4.tlog\cl.write.1.tlog
d:\vs 2022\data structures and algorithms\unit 4\csalazarproject4\project 4\project 4\x64\debug\project 4.tlog\link.command.1.tlog
d:\vs 2022\data structures and algorithms\unit 4\csalazarproject4\project 4\project 4\x64\debug\project 4.tlog\link.read.1.tlog
d:\vs 2022\data structures and algorithms\unit 4\csalazarproject4\project 4\project 4\x64\debug\project 4.tlog\link.write.1.tlog
